<?xml version="1.0" encoding="UTF-8"?>
<testsuite xmlns:xsi="http://www.w3.org/2001/XMLSchema-instance" xsi:noNamespaceSchemaLocation="https://maven.apache.org/surefire/maven-surefire-plugin/xsd/surefire-test-report.xsd" name="TestSuite" time="211.718" tests="12" errors="0" skipped="0" failures="2">
  <properties>
[...]
</properties>
  <testcase name="shouldCancelAddingNewEmployee" classname="com.mobiquityinc.cafetownsend.tests.CreateEmployeesTests" time="15.522"/>
  <testcase name="shouldCreateNewEmployeeSuccessfully" classname="com.mobiquityinc.cafetownsend.tests.CreateEmployeesTests" time="12.34"/>
  <testcase name="shouldnotAddEmployeeWithInvalidDateFormat" classname="com.mobiquityinc.cafetownsend.tests.CreateEmployeesTests" time="2.628"/>
  <testcase name="shouldDeleteAnExistingEmployeeFromEditingAnEmployee" classname="com.mobiquityinc.cafetownsend.tests.DeleteEmployeesTests" time="17.637"/>
  <testcase name="shouldDeleteAnExistingEmployeeFromHomePage" classname="com.mobiquityinc.cafetownsend.tests.DeleteEmployeesTests" time="12.453">
    <failure message="The employee is not deleted successfully expected [327] but found [326]" type="java.lang.AssertionError">java.lang.AssertionError: The employee is not deleted successfully expected [327] but found [326]
	at com.mobiquityinc.cafetownsend.tests.DeleteEmployeesTests.shouldDeleteAnExistingEmployeeFromHomePage(DeleteEmployeesTests.java:39)
</failure>
    <system-err><![CDATA[Starting ChromeDriver 2.36.540470 (e522d04694c7ebea4ba8821272dbef4f9b818c91) on port 39140
Only local connections are allowed.
Sep 29, 2018 2:06:32 AM org.openqa.selenium.remote.ProtocolHandshake createSession
INFO: Detected dialect: OSS
]]></system-err>
  </testcase>
  <testcase name="shouldUpdateEmployeesDataSuccessfully" classname="com.mobiquityinc.cafetownsend.tests.EditEmployeesTests" time="11.289"/>
  <testcase name="shouldnotUpdateEmployeesWithInvalidStartDate" classname="com.mobiquityinc.cafetownsend.tests.EditEmployeesTests" time="43.324">
    <failure message="Expected condition failed: waiting for alert to be present (tried for 40 second(s) with 500 milliseconds interval)&#10;Build info: version: &apos;3.11.0&apos;, revision: &apos;e59cfb3&apos;, time: &apos;2018-03-11T20:26:55.152Z&apos;&#10;System info: host: &apos;KROSHDY-LT-9852&apos;, ip: &apos;192.168.1.2&apos;, os.name: &apos;Windows 10&apos;, os.arch: &apos;amd64&apos;, os.version: &apos;10.0&apos;, java.version: &apos;1.8.0_161&apos;&#10;Driver info: org.openqa.selenium.chrome.ChromeDriver&#10;Capabilities {acceptInsecureCerts: false, acceptSslCerts: false, applicationCacheEnabled: false, browserConnectionEnabled: false, browserName: chrome, chrome: {chromedriverVersion: 2.36.540470 (e522d04694c7eb..., userDataDir: C:\Users\KHALED~1.ROU\AppDa...}, cssSelectorsEnabled: true, databaseEnabled: false, handlesAlerts: true, hasTouchScreen: false, javascriptEnabled: true, locationContextEnabled: true, mobileEmulationEnabled: false, nativeEvents: true, networkConnectionEnabled: false, pageLoadStrategy: normal, platform: XP, platformName: XP, rotatable: false, setWindowRect: true, takesHeapSnapshot: true, takesScreenshot: true, unexpectedAlertBehaviour: , unhandledPromptBehavior: , version: 69.0.3497.100, webStorageEnabled: true}&#10;Session ID: 0be17e53e7fe07d4c8aaaf0674486c37" type="org.openqa.selenium.TimeoutException">org.openqa.selenium.TimeoutException: 
Expected condition failed: waiting for alert to be present (tried for 40 second(s) with 500 milliseconds interval)
Build info: version: '3.11.0', revision: 'e59cfb3', time: '2018-03-11T20:26:55.152Z'
System info: host: 'KROSHDY-LT-9852', ip: '192.168.1.2', os.name: 'Windows 10', os.arch: 'amd64', os.version: '10.0', java.version: '1.8.0_161'
Driver info: org.openqa.selenium.chrome.ChromeDriver
Capabilities {acceptInsecureCerts: false, acceptSslCerts: false, applicationCacheEnabled: false, browserConnectionEnabled: false, browserName: chrome, chrome: {chromedriverVersion: 2.36.540470 (e522d04694c7eb..., userDataDir: C:\Users\KHALED~1.ROU\AppDa...}, cssSelectorsEnabled: true, databaseEnabled: false, handlesAlerts: true, hasTouchScreen: false, javascriptEnabled: true, locationContextEnabled: true, mobileEmulationEnabled: false, nativeEvents: true, networkConnectionEnabled: false, pageLoadStrategy: normal, platform: XP, platformName: XP, rotatable: false, setWindowRect: true, takesHeapSnapshot: true, takesScreenshot: true, unexpectedAlertBehaviour: , unhandledPromptBehavior: , version: 69.0.3497.100, webStorageEnabled: true}
Session ID: 0be17e53e7fe07d4c8aaaf0674486c37
	at com.mobiquityinc.cafetownsend.tests.EditEmployeesTests.shouldnotUpdateEmployeesWithInvalidStartDate(EditEmployeesTests.java:53)
</failure>
    <system-err><![CDATA[Starting ChromeDriver 2.36.540470 (e522d04694c7ebea4ba8821272dbef4f9b818c91) on port 39779
Only local connections are allowed.
Sep 29, 2018 2:07:09 AM org.openqa.selenium.remote.ProtocolHandshake createSession
INFO: Detected dialect: OSS
]]></system-err>
  </testcase>
  <testcase name="shouldTheApplicationGoToHomePageAfterSelectingBackButton" classname="com.mobiquityinc.cafetownsend.tests.EmployeesDataTests" time="8.913"/>
  <testcase name="shouldTheDataOfTheEmployeeIsShownCorrectly" classname="com.mobiquityinc.cafetownsend.tests.EmployeesDataTests" time="2.254"/>
  <testcase name="shouldLoginWithValidCredentials" classname="com.mobiquityinc.cafetownsend.tests.LoginTests" time="0.463"/>
  <testcase name="shouldNotLoginWithInvalidCredentials" classname="com.mobiquityinc.cafetownsend.tests.LoginTests" time="0.837"/>
  <testcase name="shouldLogoutSuccessfully" classname="com.mobiquityinc.cafetownsend.tests.LogoutTests" time="0.403"/>
</testsuite>